#
# There is insufficient memory for the Java Runtime Environment to continue.
# Native memory allocation (mmap) failed to map 65536 bytes for Failed to commit metaspace.
# Possible reasons:
#   The system is out of physical RAM or swap space
#   The process is running with CompressedOops enabled, and the Java Heap may be blocking the growth of the native heap
# Possible solutions:
#   Reduce memory load on the system
#   Increase physical memory or swap space
#   Check if swap backing store is full
#   Decrease Java heap size (-Xmx/-Xms)
#   Decrease number of Java threads
#   Decrease Java thread stack sizes (-Xss)
#   Set larger code cache with -XX:ReservedCodeCacheSize=
#   JVM is running with Zero Based Compressed Oops mode in which the Java heap is
#     placed in the first 32GB address space. The Java Heap base address is the
#     maximum limit for the native heap growth. Please use -XX:HeapBaseMinAddress
#     to set the Java Heap base and to place the Java Heap above 32GB virtual address.
# This output file may be truncated or incomplete.
#
#  Out of Memory Error (virtualSpaceNode.cpp:110), pid=36720, tid=36428
#
# JRE version: OpenJDK Runtime Environment Temurin-17.0.7+7 (17.0.7+7) (build 17.0.7+7)
# Java VM: OpenJDK 64-Bit Server VM Temurin-17.0.7+7 (17.0.7+7, mixed mode, tiered, compressed oops, compressed class ptrs, g1 gc, windows-amd64)
# No core dump will be written. Minidumps are not enabled by default on client versions of Windows
#

---------------  S U M M A R Y ------------

Command Line: -XX:+ShowCodeDetailsInExceptionMessages -agentlib:jdwp=transport=dt_socket,suspend=y,address=localhost:58499 -javaagent:C:\Users\Sebas\Documents\DAM1\eclipse-jee-2023-06-R-win32-x86_64\eclipse\configuration\org.eclipse.osgi\430\0\.cp\lib\javaagent-shaded.jar -Dfile.encoding=UTF-8 exerciseByMyOwn.sudoku

Host: AMD Ryzen 3 4300GE with Radeon Graphics, 8 cores, 15G,  Windows 10 , 64 bit Build 19041 (10.0.19041.3636)
Time: Tue Apr 30 00:44:08 2024 Romance Summer Time elapsed time: 1.081309 seconds (0d 0h 0m 1s)

---------------  T H R E A D  ---------------

Current thread (0x000001593f086f80):  JavaThread "AWT-EventQueue-0" [_thread_in_vm, id=36428, stack(0x0000002471500000,0x0000002471600000)]

Stack: [0x0000002471500000,0x0000002471600000]
Native frames: (J=compiled Java code, j=interpreted, Vv=VM code, C=native code)
V  [jvm.dll+0x67754a]
V  [jvm.dll+0x834304]
V  [jvm.dll+0x835aae]
V  [jvm.dll+0x836113]
V  [jvm.dll+0x24696f]
V  [jvm.dll+0x83039b]
V  [jvm.dll+0x61c006]
V  [jvm.dll+0x61c06a]
V  [jvm.dll+0x61e89a]
V  [jvm.dll+0x61c9a6]
V  [jvm.dll+0x23c3d7]
V  [jvm.dll+0x1e70e3]
V  [jvm.dll+0x1ebe86]
V  [jvm.dll+0x1e1891]
V  [jvm.dll+0x53ea50]
V  [jvm.dll+0x1f2067]
V  [jvm.dll+0x7af05b]
V  [jvm.dll+0x7b0402]
V  [jvm.dll+0x7b0738]
V  [jvm.dll+0x23ec6e]
V  [jvm.dll+0x380a4e]
C  0x00000159262776ee

Java frames: (J=compiled Java code, j=interpreted, Vv=VM code)
j  javax.swing.TimerQueue.<init>()V+5 java.desktop@17.0.7
j  javax.swing.TimerQueue.sharedInstance()Ljavax/swing/TimerQueue;+24 java.desktop@17.0.7
j  javax.swing.Timer.timerQueue()Ljavax/swing/TimerQueue;+0 java.desktop@17.0.7
j  javax.swing.Timer.start()V+1 java.desktop@17.0.7
j  javax.swing.text.DefaultCaret.setVisible(Z)V+77 java.desktop@17.0.7
j  javax.swing.text.DefaultCaret.focusGained(Ljava/awt/event/FocusEvent;)V+22 java.desktop@17.0.7
j  java.awt.AWTEventMulticaster.focusGained(Ljava/awt/event/FocusEvent;)V+21 java.desktop@17.0.7
j  java.awt.Component.processFocusEvent(Ljava/awt/event/FocusEvent;)V+42 java.desktop@17.0.7
j  java.awt.Component.processEvent(Ljava/awt/AWTEvent;)V+12 java.desktop@17.0.7
j  java.awt.Container.processEvent(Ljava/awt/AWTEvent;)V+18 java.desktop@17.0.7
j  java.awt.Component.dispatchEventImpl(Ljava/awt/AWTEvent;)V+496 java.desktop@17.0.7
j  java.awt.Container.dispatchEventImpl(Ljava/awt/AWTEvent;)V+42 java.desktop@17.0.7
j  java.awt.Component.dispatchEvent(Ljava/awt/AWTEvent;)V+2 java.desktop@17.0.7
j  java.awt.KeyboardFocusManager.redispatchEvent(Ljava/awt/Component;Ljava/awt/AWTEvent;)V+7 java.desktop@17.0.7
j  java.awt.DefaultKeyboardFocusManager.typeAheadAssertions(Ljava/awt/Component;Ljava/awt/AWTEvent;)Z+339 java.desktop@17.0.7
j  java.awt.DefaultKeyboardFocusManager.dispatchEvent(Ljava/awt/AWTEvent;)Z+1062 java.desktop@17.0.7
j  java.awt.Component.dispatchEventImpl(Ljava/awt/AWTEvent;)V+131 java.desktop@17.0.7
j  java.awt.Container.dispatchEventImpl(Ljava/awt/AWTEvent;)V+42 java.desktop@17.0.7
j  java.awt.Component.dispatchEvent(Ljava/awt/AWTEvent;)V+2 java.desktop@17.0.7
j  java.awt.EventQueue.dispatchEventImpl(Ljava/awt/AWTEvent;Ljava/lang/Object;)V+41 java.desktop@17.0.7
j  java.awt.EventQueue$4.run()Ljava/lang/Void;+32 java.desktop@17.0.7
j  java.awt.EventQueue$4.run()Ljava/lang/Object;+1 java.desktop@17.0.7
J 959 c1 java.security.AccessController.executePrivileged(Ljava/security/PrivilegedAction;Ljava/security/AccessControlContext;Ljava/lang/Class;)Ljava/lang/Object; java.base@17.0.7 (65 bytes) @ 0x000001591ee9f3cc [0x000001591ee9f260+0x000000000000016c]
j  java.security.AccessController.doPrivileged(Ljava/security/PrivilegedAction;Ljava/security/AccessControlContext;)Ljava/lang/Object;+13 java.base@17.0.7
j  java.security.ProtectionDomain$JavaSecurityAccessImpl.doIntersectionPrivilege(Ljava/security/PrivilegedAction;Ljava/security/AccessControlContext;Ljava/security/AccessControlContext;)Ljava/lang/Object;+18 java.base@17.0.7
j  java.security.ProtectionDomain$JavaSecurityAccessImpl.doIntersectionPrivilege(Ljava/security/PrivilegedAction;Ljava/security/AccessControlContext;)Ljava/lang/Object;+6 java.base@17.0.7
j  java.awt.EventQueue$5.run()Ljava/lang/Void;+11 java.desktop@17.0.7
j  java.awt.EventQueue$5.run()Ljava/lang/Object;+1 java.desktop@17.0.7
J 959 c1 java.security.AccessController.executePrivileged(Ljava/security/PrivilegedAction;Ljava/security/AccessControlContext;Ljava/lang/Class;)Ljava/lang/Object; java.base@17.0.7 (65 bytes) @ 0x000001591ee9f3cc [0x000001591ee9f260+0x000000000000016c]
j  java.security.AccessController.doPrivileged(Ljava/security/PrivilegedAction;Ljava/security/AccessControlContext;)Ljava/lang/Object;+13 java.base@17.0.7
j  java.security.ProtectionDomain$JavaSecurityAccessImpl.doIntersectionPrivilege(Ljava/security/PrivilegedAction;Ljava/security/AccessControlContext;Ljava/security/AccessControlContext;)Ljava/lang/Object;+18 java.base@17.0.7
j  java.awt.EventQueue.dispatchEvent(Ljava/awt/AWTEvent;)V+73 java.desktop@17.0.7
j  java.awt.EventDispatchThread.pumpOneEventForFilters(I)V+78 java.desktop@17.0.7
j  java.awt.EventDispatchThread.pumpEventsForFilter(ILjava/awt/Conditional;Ljava/awt/EventFilter;)V+35 java.desktop@17.0.7
j  java.awt.EventDispatchThread.pumpEventsForHierarchy(ILjava/awt/Conditional;Ljava/awt/Component;)V+11 java.desktop@17.0.7
j  java.awt.EventDispatchThread.pumpEvents(ILjava/awt/Conditional;)V+4 java.desktop@17.0.7
j  java.awt.EventDispatchThread.pumpEvents(Ljava/awt/Conditional;)V+3 java.desktop@17.0.7
j  java.awt.EventDispatchThread.run()V+9 java.desktop@17.0.7
v  ~StubRoutines::call_stub

---------------  P R O C E S S  ---------------

Threads class SMR info:
_java_thread_list=0x0000015947d815a0, length=20, elements={
0x000001593a56ea40, 0x000001593a56fdf0, 0x000001593a594000, 0x000001593a5948c0,
0x000001593a595d30, 0x000001593a59ced0, 0x000001593a59ea00, 0x000001593a59f5c0,
0x000001593a5b2e30, 0x000001593a69e2b0, 0x000001593a80ce60, 0x000001593a7fab20,
0x000001593a7fd020, 0x000001593f0b7460, 0x000001593f495730, 0x000001593f3c6af0,
0x000001593f3c9c70, 0x000001593f086f80, 0x000001593f085c40, 0x000001593f085770
}

Java Threads: ( => current thread )
  0x000001593a56ea40 JavaThread "Reference Handler" daemon [_thread_blocked, id=36028, stack(0x000000246fb00000,0x000000246fc00000)]
  0x000001593a56fdf0 JavaThread "Finalizer" daemon [_thread_blocked, id=33236, stack(0x000000246fc00000,0x000000246fd00000)]
  0x000001593a594000 JavaThread "Signal Dispatcher" daemon [_thread_blocked, id=36040, stack(0x000000246fd00000,0x000000246fe00000)]
  0x000001593a5948c0 JavaThread "Attach Listener" daemon [_thread_blocked, id=34060, stack(0x000000246fe00000,0x000000246ff00000)]
  0x000001593a595d30 JavaThread "Service Thread" daemon [_thread_blocked, id=36832, stack(0x000000246ff00000,0x0000002470000000)]
  0x000001593a59ced0 JavaThread "Monitor Deflation Thread" daemon [_thread_blocked, id=36036, stack(0x0000002470000000,0x0000002470100000)]
  0x000001593a59ea00 JavaThread "C2 CompilerThread0" daemon [_thread_blocked, id=5284, stack(0x0000002470100000,0x0000002470200000)]
  0x000001593a59f5c0 JavaThread "C1 CompilerThread0" daemon [_thread_blocked, id=35688, stack(0x0000002470200000,0x0000002470300000)]
  0x000001593a5b2e30 JavaThread "Sweeper thread" daemon [_thread_blocked, id=35992, stack(0x0000002470300000,0x0000002470400000)]
  0x000001593a69e2b0 JavaThread "Common-Cleaner" daemon [_thread_blocked, id=36032, stack(0x0000002470400000,0x0000002470500000)]
  0x000001593a80ce60 JavaThread "JDWP Transport Listener: dt_socket" daemon [_thread_blocked, id=36124, stack(0x0000002470500000,0x0000002470600000)]
  0x000001593a7fab20 JavaThread "JDWP Event Helper Thread" daemon [_thread_blocked, id=36140, stack(0x0000002470600000,0x0000002470700000)]
  0x000001593a7fd020 JavaThread "JDWP Command Reader" daemon [_thread_in_native, id=34188, stack(0x0000002470700000,0x0000002470800000)]
  0x000001593f0b7460 JavaThread "Notification Thread" daemon [_thread_blocked, id=17176, stack(0x0000002470800000,0x0000002470900000)]
  0x000001593f495730 JavaThread "Java2D Disposer" daemon [_thread_blocked, id=34568, stack(0x0000002470a00000,0x0000002470b00000)]
  0x000001593f3c6af0 JavaThread "AWT-Shutdown" [_thread_blocked, id=34496, stack(0x0000002470b00000,0x0000002470c00000)]
  0x000001593f3c9c70 JavaThread "AWT-Windows" daemon [_thread_in_native, id=36332, stack(0x0000002470c00000,0x0000002470d00000)]
=>0x000001593f086f80 JavaThread "AWT-EventQueue-0" [_thread_in_vm, id=36428, stack(0x0000002471500000,0x0000002471600000)]
  0x000001593f085c40 JavaThread "DestroyJavaVM" [_thread_blocked, id=34112, stack(0x000000246f400000,0x000000246f500000)]
  0x000001593f085770 JavaThread "D3D Screen Updater" daemon [_thread_blocked, id=36508, stack(0x0000002471900000,0x0000002471a00000)]

Other Threads:
  0x000001593a5476f0 VMThread "VM Thread" [stack: 0x000000246fa00000,0x000000246fb00000] [id=33052]
  0x0000015919f0d810 WatcherThread [stack: 0x0000002470900000,0x0000002470a00000] [id=36176]
  0x0000015919ef1f70 GCTaskThread "GC Thread#0" [stack: 0x000000246f500000,0x000000246f600000] [id=35988]
  0x0000015919f04c40 ConcurrentGCThread "G1 Main Marker" [stack: 0x000000246f600000,0x000000246f700000] [id=35984]
  0x0000015919f05d00 ConcurrentGCThread "G1 Conc#0" [stack: 0x000000246f700000,0x000000246f800000] [id=35976]
  0x0000015919f4df00 ConcurrentGCThread "G1 Refine#0" [stack: 0x000000246f800000,0x000000246f900000] [id=16972]
  0x0000015919f4e730 ConcurrentGCThread "G1 Service" [stack: 0x000000246f900000,0x000000246fa00000] [id=36004]

Threads with active compile tasks:

VM state: not at safepoint (normal execution)

VM Mutex/Monitor currently owned by a thread:  ([mutex/lock_event])
[0x0000015919e83e30] Metaspace_lock - owner thread: 0x000001593f086f80

Heap address: 0x0000000709a00000, size: 3942 MB, Compressed Oops mode: Zero based, Oop shift amount: 3

CDS archive(s) not mapped
Compressed class space mapped at: 0x0000000800000000-0x0000000840000000, reserved size: 1073741824
Narrow klass base: 0x0000000800000000, Narrow klass shift: 0, Narrow klass range: 0x40000000

GC Precious Log:
 CPUs: 8 total, 8 available
 Memory: 15765M
 Large Page Support: Disabled
 NUMA Support: Disabled
 Compressed Oops: Enabled (Zero based)
 Heap Region Size: 2M
 Heap Min Capacity: 8M
 Heap Initial Capacity: 248M
 Heap Max Capacity: 3942M
 Pre-touch: Disabled
 Parallel Workers: 8
 Concurrent Workers: 2
 Concurrent Refinement Workers: 8
 Periodic GC: Disabled

Heap:
 garbage-first heap   total 253952K, used 14336K [0x0000000709a00000, 0x0000000800000000)
  region size 2048K, 8 young (16384K), 0 survivors (0K)
 Metaspace       used 17393K, committed 17600K, reserved 1114112K
  class space    used 1727K, committed 1856K, reserved 1048576K

Heap Regions: E=young(eden), S=young(survivor), O=old, HS=humongous(starts), HC=humongous(continues), CS=collection set, F=free, OA=open archive, CA=closed archive, TAMS=top-at-mark-start (previous, next)
|   0|0x0000000709a00000, 0x0000000709a00000, 0x0000000709c00000|  0%| F|  |TAMS 0x0000000709a00000, 0x0000000709a00000| Untracked 
|   1|0x0000000709c00000, 0x0000000709c00000, 0x0000000709e00000|  0%| F|  |TAMS 0x0000000709c00000, 0x0000000709c00000| Untracked 
|   2|0x0000000709e00000, 0x0000000709e00000, 0x000000070a000000|  0%| F|  |TAMS 0x0000000709e00000, 0x0000000709e00000| Untracked 
|   3|0x000000070a000000, 0x000000070a000000, 0x000000070a200000|  0%| F|  |TAMS 0x000000070a000000, 0x000000070a000000| Untracked 
|   4|0x000000070a200000, 0x000000070a200000, 0x000000070a400000|  0%| F|  |TAMS 0x000000070a200000, 0x000000070a200000| Untracked 
|   5|0x000000070a400000, 0x000000070a400000, 0x000000070a600000|  0%| F|  |TAMS 0x000000070a400000, 0x000000070a400000| Untracked 
|   6|0x000000070a600000, 0x000000070a600000, 0x000000070a800000|  0%| F|  |TAMS 0x000000070a600000, 0x000000070a600000| Untracked 
|   7|0x000000070a800000, 0x000000070a800000, 0x000000070aa00000|  0%| F|  |TAMS 0x000000070a800000, 0x000000070a800000| Untracked 
|   8|0x000000070aa00000, 0x000000070aa00000, 0x000000070ac00000|  0%| F|  |TAMS 0x000000070aa00000, 0x000000070aa00000| Untracked 
|   9|0x000000070ac00000, 0x000000070ac00000, 0x000000070ae00000|  0%| F|  |TAMS 0x000000070ac00000, 0x000000070ac00000| Untracked 
|  10|0x000000070ae00000, 0x000000070ae00000, 0x000000070b000000|  0%| F|  |TAMS 0x000000070ae00000, 0x000000070ae00000| Untracked 
|  11|0x000000070b000000, 0x000000070b000000, 0x000000070b200000|  0%| F|  |TAMS 0x000000070b000000, 0x000000070b000000| Untracked 
|  12|0x000000070b200000, 0x000000070b200000, 0x000000070b400000|  0%| F|  |TAMS 0x000000070b200000, 0x000000070b200000| Untracked 
|  13|0x000000070b400000, 0x000000070b400000, 0x000000070b600000|  0%| F|  |TAMS 0x000000070b400000, 0x000000070b400000| Untracked 
|  14|0x000000070b600000, 0x000000070b600000, 0x000000070b800000|  0%| F|  |TAMS 0x000000070b600000, 0x000000070b600000| Untracked 
|  15|0x000000070b800000, 0x000000070b800000, 0x000000070ba00000|  0%| F|  |TAMS 0x000000070b800000, 0x000000070b800000| Untracked 
|  16|0x000000070ba00000, 0x000000070ba00000, 0x000000070bc00000|  0%| F|  |TAMS 0x000000070ba00000, 0x000000070ba00000| Untracked 
|  17|0x000000070bc00000, 0x000000070bc00000, 0x000000070be00000|  0%| F|  |TAMS 0x000000070bc00000, 0x000000070bc00000| Untracked 
|  18|0x000000070be00000, 0x000000070be00000, 0x000000070c000000|  0%| F|  |TAMS 0x000000070be00000, 0x000000070be00000| Untracked 
|  19|0x000000070c000000, 0x000000070c000000, 0x000000070c200000|  0%| F|  |TAMS 0x000000070c000000, 0x000000070c000000| Untracked 
|  20|0x000000070c200000, 0x000000070c200000, 0x000000070c400000|  0%| F|  |TAMS 0x000000070c200000, 0x000000070c200000| Untracked 
|  21|0x000000070c400000, 0x000000070c400000, 0x000000070c600000|  0%| F|  |TAMS 0x000000070c400000, 0x000000070c400000| Untracked 
|  22|0x000000070c600000, 0x000000070c600000, 0x000000070c800000|  0%| F|  |TAMS 0x000000070c600000, 0x000000070c600000| Untracked 
|  23|0x000000070c800000, 0x000000070c800000, 0x000000070ca00000|  0%| F|  |TAMS 0x000000070c800000, 0x000000070c800000| Untracked 
|  24|0x000000070ca00000, 0x000000070ca00000, 0x000000070cc00000|  0%| F|  |TAMS 0x000000070ca00000, 0x000000070ca00000| Untracked 
|  25|0x000000070cc00000, 0x000000070cc00000, 0x000000070ce00000|  0%| F|  |TAMS 0x000000070cc00000, 0x000000070cc00000| Untracked 
|  26|0x000000070ce00000, 0x000000070ce00000, 0x000000070d000000|  0%| F|  |TAMS 0x000000070ce00000, 0x000000070ce00000| Untracked 
|  27|0x000000070d000000, 0x000000070d000000, 0x000000070d200000|  0%| F|  |TAMS 0x000000070d000000, 0x000000070d000000| Untracked 
|  28|0x000000070d200000, 0x000000070d200000, 0x000000070d400000|  0%| F|  |TAMS 0x000000070d200000, 0x000000070d200000| Untracked 
|  29|0x000000070d400000, 0x000000070d400000, 0x000000070d600000|  0%| F|  |TAMS 0x000000070d400000, 0x000000070d400000| Untracked 
|  30|0x000000070d600000, 0x000000070d600000, 0x000000070d800000|  0%| F|  |TAMS 0x000000070d600000, 0x000000070d600000| Untracked 
|  31|0x000000070d800000, 0x000000070d800000, 0x000000070da00000|  0%| F|  |TAMS 0x000000070d800000, 0x000000070d800000| Untracked 
|  32|0x000000070da00000, 0x000000070da00000, 0x000000070dc00000|  0%| F|  |TAMS 0x000000070da00000, 0x000000070da00000| Untracked 
|  33|0x000000070dc00000, 0x000000070dc00000, 0x000000070de00000|  0%| F|  |TAMS 0x000000070dc00000, 0x000000070dc00000| Untracked 
|  34|0x000000070de00000, 0x000000070de00000, 0x000000070e000000|  0%| F|  |TAMS 0x000000070de00000, 0x000000070de00000| Untracked 
|  35|0x000000070e000000, 0x000000070e000000, 0x000000070e200000|  0%| F|  |TAMS 0x000000070e000000, 0x000000070e000000| Untracked 
|  36|0x000000070e200000, 0x000000070e200000, 0x000000070e400000|  0%| F|  |TAMS 0x000000070e200000, 0x000000070e200000| Untracked 
|  37|0x000000070e400000, 0x000000070e400000, 0x000000070e600000|  0%| F|  |TAMS 0x000000070e400000, 0x000000070e400000| Untracked 
|  38|0x000000070e600000, 0x000000070e600000, 0x000000070e800000|  0%| F|  |TAMS 0x000000070e600000, 0x000000070e600000| Untracked 
|  39|0x000000070e800000, 0x000000070e800000, 0x000000070ea00000|  0%| F|  |TAMS 0x000000070e800000, 0x000000070e800000| Untracked 
|  40|0x000000070ea00000, 0x000000070ea00000, 0x000000070ec00000|  0%| F|  |TAMS 0x000000070ea00000, 0x000000070ea00000| Untracked 
|  41|0x000000070ec00000, 0x000000070ec00000, 0x000000070ee00000|  0%| F|  |TAMS 0x000000070ec00000, 0x000000070ec00000| Untracked 
|  42|0x000000070ee00000, 0x000000070ee00000, 0x000000070f000000|  0%| F|  |TAMS 0x000000070ee00000, 0x000000070ee00000| Untracked 
|  43|0x000000070f000000, 0x000000070f000000, 0x000000070f200000|  0%| F|  |TAMS 0x000000070f000000, 0x000000070f000000| Untracked 
|  44|0x000000070f200000, 0x000000070f200000, 0x000000070f400000|  0%| F|  |TAMS 0x000000070f200000, 0x000000070f200000| Untracked 
|  45|0x000000070f400000, 0x000000070f400000, 0x000000070f600000|  0%| F|  |TAMS 0x000000070f400000, 0x000000070f400000| Untracked 
|  46|0x000000070f600000, 0x000000070f600000, 0x000000070f800000|  0%| F|  |TAMS 0x000000070f600000, 0x000000070f600000| Untracked 
|  47|0x000000070f800000, 0x000000070f800000, 0x000000070fa00000|  0%| F|  |TAMS 0x000000070f800000, 0x000000070f800000| Untracked 
|  48|0x000000070fa00000, 0x000000070fa00000, 0x000000070fc00000|  0%| F|  |TAMS 0x000000070fa00000, 0x000000070fa00000| Untracked 
|  49|0x000000070fc00000, 0x000000070fc00000, 0x000000070fe00000|  0%| F|  |TAMS 0x000000070fc00000, 0x000000070fc00000| Untracked 
|  50|0x000000070fe00000, 0x000000070fe00000, 0x0000000710000000|  0%| F|  |TAMS 0x000000070fe00000, 0x000000070fe00000| Untracked 
|  51|0x0000000710000000, 0x0000000710000000, 0x0000000710200000|  0%| F|  |TAMS 0x0000000710000000, 0x0000000710000000| Untracked 
|  52|0x0000000710200000, 0x0000000710200000, 0x0000000710400000|  0%| F|  |TAMS 0x0000000710200000, 0x0000000710200000| Untracked 
|  53|0x0000000710400000, 0x0000000710400000, 0x0000000710600000|  0%| F|  |TAMS 0x0000000710400000, 0x0000000710400000| Untracked 
|  54|0x0000000710600000, 0x0000000710600000, 0x0000000710800000|  0%| F|  |TAMS 0x0000000710600000, 0x0000000710600000| Untracked 
|  55|0x0000000710800000, 0x0000000710800000, 0x0000000710a00000|  0%| F|  |TAMS 0x0000000710800000, 0x0000000710800000| Untracked 
|  56|0x0000000710a00000, 0x0000000710a00000, 0x0000000710c00000|  0%| F|  |TAMS 0x0000000710a00000, 0x0000000710a00000| Untracked 
|  57|0x0000000710c00000, 0x0000000710c00000, 0x0000000710e00000|  0%| F|  |TAMS 0x0000000710c00000, 0x0000000710c00000| Untracked 
|  58|0x0000000710e00000, 0x0000000710e00000, 0x0000000711000000|  0%| F|  |TAMS 0x0000000710e00000, 0x0000000710e00000| Untracked 
|  59|0x0000000711000000, 0x0000000711000000, 0x0000000711200000|  0%| F|  |TAMS 0x0000000711000000, 0x0000000711000000| Untracked 
|  60|0x0000000711200000, 0x0000000711200000, 0x0000000711400000|  0%| F|  |TAMS 0x0000000711200000, 0x0000000711200000| Untracked 
|  61|0x0000000711400000, 0x0000000711400000, 0x0000000711600000|  0%| F|  |TAMS 0x0000000711400000, 0x0000000711400000| Untracked 
|  62|0x0000000711600000, 0x0000000711600000, 0x0000000711800000|  0%| F|  |TAMS 0x0000000711600000, 0x0000000711600000| Untracked 
|  63|0x0000000711800000, 0x0000000711800000, 0x0000000711a00000|  0%| F|  |TAMS 0x0000000711800000, 0x0000000711800000| Untracked 
|  64|0x0000000711a00000, 0x0000000711a00000, 0x0000000711c00000|  0%| F|  |TAMS 0x0000000711a00000, 0x0000000711a00000| Untracked 
|  65|0x0000000711c00000, 0x0000000711c00000, 0x0000000711e00000|  0%| F|  |TAMS 0x0000000711c00000, 0x0000000711c00000| Untracked 
|  66|0x0000000711e00000, 0x0000000711e00000, 0x0000000712000000|  0%| F|  |TAMS 0x0000000711e00000, 0x0000000711e00000| Untracked 
|  67|0x0000000712000000, 0x0000000712000000, 0x0000000712200000|  0%| F|  |TAMS 0x0000000712000000, 0x0000000712000000| Untracked 
|  68|0x0000000712200000, 0x0000000712200000, 0x0000000712400000|  0%| F|  |TAMS 0x0000000712200000, 0x0000000712200000| Untracked 
|  69|0x0000000712400000, 0x0000000712400000, 0x0000000712600000|  0%| F|  |TAMS 0x0000000712400000, 0x0000000712400000| Untracked 
|  70|0x0000000712600000, 0x0000000712600000, 0x0000000712800000|  0%| F|  |TAMS 0x0000000712600000, 0x0000000712600000| Untracked 
|  71|0x0000000712800000, 0x0000000712800000, 0x0000000712a00000|  0%| F|  |TAMS 0x0000000712800000, 0x0000000712800000| Untracked 
|  72|0x0000000712a00000, 0x0000000712a00000, 0x0000000712c00000|  0%| F|  |TAMS 0x0000000712a00000, 0x0000000712a00000| Untracked 
|  73|0x0000000712c00000, 0x0000000712c00000, 0x0000000712e00000|  0%| F|  |TAMS 0x0000000712c00000, 0x0000000712c00000| Untracked 
|  74|0x0000000712e00000, 0x0000000712e00000, 0x0000000713000000|  0%| F|  |TAMS 0x0000000712e00000, 0x0000000712e00000| Untracked 
|  75|0x0000000713000000, 0x0000000713000000, 0x0000000713200000|  0%| F|  |TAMS 0x0000000713000000, 0x0000000713000000| Untracked 
|  76|0x0000000713200000, 0x0000000713200000, 0x0000000713400000|  0%| F|  |TAMS 0x0000000713200000, 0x0000000713200000| Untracked 
|  77|0x0000000713400000, 0x0000000713400000, 0x0000000713600000|  0%| F|  |TAMS 0x0000000713400000, 0x0000000713400000| Untracked 
|  78|0x0000000713600000, 0x0000000713600000, 0x0000000713800000|  0%| F|  |TAMS 0x0000000713600000, 0x0000000713600000| Untracked 
|  79|0x0000000713800000, 0x0000000713800000, 0x0000000713a00000|  0%| F|  |TAMS 0x0000000713800000, 0x0000000713800000| Untracked 
|  80|0x0000000713a00000, 0x0000000713a00000, 0x0000000713c00000|  0%| F|  |TAMS 0x0000000713a00000, 0x0000000713a00000| Untracked 
|  81|0x0000000713c00000, 0x0000000713c00000, 0x0000000713e00000|  0%| F|  |TAMS 0x0000000713c00000, 0x0000000713c00000| Untracked 
|  82|0x0000000713e00000, 0x0000000713e00000, 0x0000000714000000|  0%| F|  |TAMS 0x0000000713e00000, 0x0000000713e00000| Untracked 
|  83|0x0000000714000000, 0x0000000714000000, 0x0000000714200000|  0%| F|  |TAMS 0x0000000714000000, 0x0000000714000000| Untracked 
|  84|0x0000000714200000, 0x0000000714200000, 0x0000000714400000|  0%| F|  |TAMS 0x0000000714200000, 0x0000000714200000| Untracked 
|  85|0x0000000714400000, 0x0000000714400000, 0x0000000714600000|  0%| F|  |TAMS 0x0000000714400000, 0x0000000714400000| Untracked 
|  86|0x0000000714600000, 0x0000000714600000, 0x0000000714800000|  0%| F|  |TAMS 0x0000000714600000, 0x0000000714600000| Untracked 
|  87|0x0000000714800000, 0x0000000714800000, 0x0000000714a00000|  0%| F|  |TAMS 0x0000000714800000, 0x0000000714800000| Untracked 
|  88|0x0000000714a00000, 0x0000000714a00000, 0x0000000714c00000|  0%| F|  |TAMS 0x0000000714a00000, 0x0000000714a00000| Untracked 
|  89|0x0000000714c00000, 0x0000000714c00000, 0x0000000714e00000|  0%| F|  |TAMS 0x0000000714c00000, 0x0000000714c00000| Untracked 
|  90|0x0000000714e00000, 0x0000000714e00000, 0x0000000715000000|  0%| F|  |TAMS 0x0000000714e00000, 0x0000000714e00000| Untracked 
|  91|0x0000000715000000, 0x0000000715000000, 0x0000000715200000|  0%| F|  |TAMS 0x0000000715000000, 0x0000000715000000| Untracked 
|  92|0x0000000715200000, 0x0000000715200000, 0x0000000715400000|  0%| F|  |TAMS 0x0000000715200000, 0x0000000715200000| Untracked 
|  93|0x0000000715400000, 0x0000000715400000, 0x0000000715600000|  0%| F|  |TAMS 0x0000000715400000, 0x0000000715400000| Untracked 
|  94|0x0000000715600000, 0x0000000715600000, 0x0000000715800000|  0%| F|  |TAMS 0x0000000715600000, 0x0000000715600000| Untracked 
|  95|0x0000000715800000, 0x0000000715800000, 0x0000000715a00000|  0%| F|  |TAMS 0x0000000715800000, 0x0000000715800000| Untracked 
|  96|0x0000000715a00000, 0x0000000715a00000, 0x0000000715c00000|  0%| F|  |TAMS 0x0000000715a00000, 0x0000000715a00000| Untracked 
|  97|0x0000000715c00000, 0x0000000715c00000, 0x0000000715e00000|  0%| F|  |TAMS 0x0000000715c00000, 0x0000000715c00000| Untracked 
|  98|0x0000000715e00000, 0x0000000715e00000, 0x0000000716000000|  0%| F|  |TAMS 0x0000000715e00000, 0x0000000715e00000| Untracked 
|  99|0x0000000716000000, 0x0000000716000000, 0x0000000716200000|  0%| F|  |TAMS 0x0000000716000000, 0x0000000716000000| Untracked 
| 100|0x0000000716200000, 0x0000000716200000, 0x0000000716400000|  0%| F|  |TAMS 0x0000000716200000, 0x0000000716200000| Untracked 
| 101|0x0000000716400000, 0x0000000716400000, 0x0000000716600000|  0%| F|  |TAMS 0x0000000716400000, 0x0000000716400000| Untracked 
| 102|0x0000000716600000, 0x0000000716600000, 0x0000000716800000|  0%| F|  |TAMS 0x0000000716600000, 0x0000000716600000| Untracked 
| 103|0x0000000716800000, 0x0000000716800000, 0x0000000716a00000|  0%| F|  |TAMS 0x0000000716800000, 0x0000000716800000| Untracked 
| 104|0x0000000716a00000, 0x0000000716a00000, 0x0000000716c00000|  0%| F|  |TAMS 0x0000000716a00000, 0x0000000716a00000| Untracked 
| 105|0x0000000716c00000, 0x0000000716c00000, 0x0000000716e00000|  0%| F|  |TAMS 0x0000000716c00000, 0x0000000716c00000| Untracked 
| 106|0x0000000716e00000, 0x0000000716e00000, 0x0000000717000000|  0%| F|  |TAMS 0x0000000716e00000, 0x0000000716e00000| Untracked 
| 107|0x0000000717000000, 0x0000000717000000, 0x0000000717200000|  0%| F|  |TAMS 0x0000000717000000, 0x0000000717000000| Untracked 
| 108|0x0000000717200000, 0x0000000717200000, 0x0000000717400000|  0%| F|  |TAMS 0x0000000717200000, 0x0000000717200000| Untracked 
| 109|0x0000000717400000, 0x0000000717400000, 0x0000000717600000|  0%| F|  |TAMS 0x0000000717400000, 0x0000000717400000| Untracked 
| 110|0x0000000717600000, 0x0000000717600000, 0x0000000717800000|  0%| F|  |TAMS 0x0000000717600000, 0x0000000717600000| Untracked 
| 111|0x0000000717800000, 0x0000000717800000, 0x0000000717a00000|  0%| F|  |TAMS 0x0000000717800000, 0x0000000717800000| Untracked 
| 112|0x0000000717a00000, 0x0000000717a00000, 0x0000000717c00000|  0%| F|  |TAMS 0x0000000717a00000, 0x0000000717a00000| Untracked 
| 113|0x0000000717c00000, 0x0000000717c00000, 0x0000000717e00000|  0%| F|  |TAMS 0x0000000717c00000, 0x0000000717c00000| Untracked 
| 114|0x0000000717e00000, 0x0000000717e00000, 0x0000000718000000|  0%| F|  |TAMS 0x0000000717e00000, 0x0000000717e00000| Untracked 
| 115|0x0000000718000000, 0x0000000718000000, 0x0000000718200000|  0%| F|  |TAMS 0x0000000718000000, 0x0000000718000000| Untracked 
| 116|0x0000000718200000, 0x000000071836b670, 0x0000000718400000| 70%| E|  |TAMS 0x0000000718200000, 0x0000000718200000| Complete 
| 117|0x0000000718400000, 0x0000000718600000, 0x0000000718600000|100%| E|CS|TAMS 0x0000000718400000, 0x0000000718400000| Complete 
| 118|0x0000000718600000, 0x0000000718800000, 0x0000000718800000|100%| E|CS|TAMS 0x0000000718600000, 0x0000000718600000| Complete 
| 119|0x0000000718800000, 0x0000000718a00000, 0x0000000718a00000|100%| E|CS|TAMS 0x0000000718800000, 0x0000000718800000| Complete 
| 120|0x0000000718a00000, 0x0000000718c00000, 0x0000000718c00000|100%| E|CS|TAMS 0x0000000718a00000, 0x0000000718a00000| Complete 
| 121|0x0000000718c00000, 0x0000000718e00000, 0x0000000718e00000|100%| E|CS|TAMS 0x0000000718c00000, 0x0000000718c00000| Complete 
| 122|0x0000000718e00000, 0x0000000719000000, 0x0000000719000000|100%| E|CS|TAMS 0x0000000718e00000, 0x0000000718e00000| Complete 
| 123|0x0000000719000000, 0x0000000719200000, 0x0000000719200000|100%| E|CS|TAMS 0x0000000719000000, 0x0000000719000000| Complete 

Card table byte_map: [0x000001592ef50000,0x000001592f710000] _byte_map_base: 0x000001592b703000

Marking Bits (Prev, Next): (CMBitMap*) 0x0000015919ef44b0, (CMBitMap*) 0x0000015919ef44f0
 Prev Bits: [0x000001592fed0000, 0x0000015933c68000)
 Next Bits: [0x0000015933c70000, 0x0000015937a08000)

Polling page: 0x0000015919d00000

Metaspace:

Usage:
  Non-class:     15.30 MB used.
      Class:      1.69 MB used.
       Both:     16.99 MB used.

Virtual space:
  Non-class space:       64.00 MB reserved,      15.38 MB ( 24%) committed,  1 nodes.
      Class space:        1.00 GB reserved,       1.81 MB ( <1%) committed,  1 nodes.
             Both:        1.06 GB reserved,      17.19 MB (  2%) committed. 

Chunk freelists:
   Non-Class:  493.00 KB
       Class:  14.24 MB
        Both:  14.72 MB

MaxMetaspaceSize: unlimited
CompressedClassSpaceSize: 1.00 GB
Initial GC threshold: 21.00 MB
Current GC threshold: 21.00 MB
CDS: off
MetaspaceReclaimPolicy: balanced
 - commit_granule_bytes: 65536.
 - commit_granule_words: 8192.
 - virtual_space_node_default_size: 8388608.
 - enlarge_chunks_in_place: 1.
 - new_chunks_are_fully_committed: 0.
 - uncommit_free_chunks: 1.
 - use_allocation_guard: 0.
 - handle_deallocations: 1.


Internal statistics:

num_allocs_failed_limit: 0.
num_arena_births: 110.
num_arena_deaths: 0.
num_vsnodes_births: 2.
num_vsnodes_deaths: 0.
num_space_committed: 275.
num_space_uncommitted: 0.
num_chunks_returned_to_freelist: 0.
num_chunks_taken_from_freelist: 190.
num_chunk_merges: 0.
num_chunk_splits: 103.
num_chunks_enlarged: 56.
num_inconsistent_stats: 0.

CodeHeap 'non-profiled nmethods': size=120000Kb used=309Kb max_used=309Kb free=119691Kb
 bounds [0x00000159267f0000, 0x0000015926a60000, 0x000001592dd20000]
CodeHeap 'profiled nmethods': size=120000Kb used=1580Kb max_used=1580Kb free=118419Kb
 bounds [0x000001591ed20000, 0x000001591ef90000, 0x0000015926250000]
CodeHeap 'non-nmethods': size=5760Kb used=1356Kb max_used=1369Kb free=4403Kb
 bounds [0x0000015926250000, 0x00000159264c0000, 0x00000159267f0000]
 total_blobs=1623 nmethods=1005 adapters=531
 compilation: enabled
              stopped_count=0, restarted_count=0
 full_count=0

Compilation events (20 events):
Event: 1.059 Thread 0x000001593a59f5c0  997       1       sun.awt.Win32GraphicsDevice::getDefaultScaleX (5 bytes)
Event: 1.059 Thread 0x000001593a59f5c0 nmethod 997 0x000001592683c810 code [0x000001592683c9a0, 0x000001592683ca78]
Event: 1.059 Thread 0x000001593a59f5c0  998       1       sun.awt.Win32GraphicsDevice::getDefaultScaleY (5 bytes)
Event: 1.059 Thread 0x000001593a59f5c0 nmethod 998 0x000001592683cb10 code [0x000001592683cca0, 0x000001592683cd78]
Event: 1.059 Thread 0x000001593a59f5c0  996       1       java.awt.Color::getRGB (5 bytes)
Event: 1.059 Thread 0x000001593a59f5c0 nmethod 996 0x000001592683ce10 code [0x000001592683cfa0, 0x000001592683d078]
Event: 1.059 Thread 0x000001593a59f5c0  999       1       java.awt.Font::hasLayoutAttributes (5 bytes)
Event: 1.059 Thread 0x000001593a59f5c0 nmethod 999 0x000001592683d110 code [0x000001592683d2a0, 0x000001592683d378]
Event: 1.059 Thread 0x000001593a59f5c0 1000       3       sun.font.SunFontManager::getInstance (9 bytes)
Event: 1.059 Thread 0x000001593a59f5c0 nmethod 1000 0x000001591eea8910 code [0x000001591eea8b20, 0x000001591eea9218]
Event: 1.059 Thread 0x000001593a59f5c0 1001       3       sun.font.FontDesignMetrics$MetricsKey::init (24 bytes)
Event: 1.060 Thread 0x000001593a59f5c0 nmethod 1001 0x000001591eea9510 code [0x000001591eea96c0, 0x000001591eea99b8]
Event: 1.060 Thread 0x000001593a59f5c0 1003       3       java.awt.Font::equals (131 bytes)
Event: 1.060 Thread 0x000001593a59f5c0 nmethod 1003 0x000001591eea9b10 code [0x000001591eea9d40, 0x000001591eeaa4e8]
Event: 1.060 Thread 0x000001593a59f5c0 1004       3       javax.swing.plaf.basic.BasicTextUI$RootView::getContainer (8 bytes)
Event: 1.060 Thread 0x000001593a59f5c0 nmethod 1004 0x000001591eeaa690 code [0x000001591eeaa820, 0x000001591eeaa938]
Event: 1.060 Thread 0x000001593a59f5c0 1002       3       java.awt.Font::hashCode (76 bytes)
Event: 1.060 Thread 0x000001593a59f5c0 nmethod 1002 0x000001591eeaaa10 code [0x000001591eeaabe0, 0x000001591eeaaed8]
Event: 1.071 Thread 0x000001593a59f5c0 1005       3       sun.util.locale.LocaleUtils::isUpper (18 bytes)
Event: 1.071 Thread 0x000001593a59f5c0 nmethod 1005 0x000001591eeab010 code [0x000001591eeab1a0, 0x000001591eeab318]

GC Heap History (0 events):
No events

Dll operation events (11 events):
Event: 0.016 Loaded shared library C:\Users\Sebas\Documents\eclipse-jee-2023-06-R-win32-x86_64\eclipse\plugins\org.eclipse.justj.openjdk.hotspot.jre.full.win32.x86_64_17.0.7.v20230425-1502\jre\bin\java.dll
Event: 0.422 Loaded shared library C:\Users\Sebas\Documents\eclipse-jee-2023-06-R-win32-x86_64\eclipse\plugins\org.eclipse.justj.openjdk.hotspot.jre.full.win32.x86_64_17.0.7.v20230425-1502\jre\bin\zip.dll
Event: 0.426 Loaded shared library C:\Users\Sebas\Documents\eclipse-jee-2023-06-R-win32-x86_64\eclipse\plugins\org.eclipse.justj.openjdk.hotspot.jre.full.win32.x86_64_17.0.7.v20230425-1502\jre\bin\instrument.dll
Event: 0.439 Loaded shared library C:\Users\Sebas\Documents\eclipse-jee-2023-06-R-win32-x86_64\eclipse\plugins\org.eclipse.justj.openjdk.hotspot.jre.full.win32.x86_64_17.0.7.v20230425-1502\jre\bin\net.dll
Event: 0.441 Loaded shared library C:\Users\Sebas\Documents\eclipse-jee-2023-06-R-win32-x86_64\eclipse\plugins\org.eclipse.justj.openjdk.hotspot.jre.full.win32.x86_64_17.0.7.v20230425-1502\jre\bin\nio.dll
Event: 0.448 Loaded shared library C:\Users\Sebas\Documents\eclipse-jee-2023-06-R-win32-x86_64\eclipse\plugins\org.eclipse.justj.openjdk.hotspot.jre.full.win32.x86_64_17.0.7.v20230425-1502\jre\bin\zip.dll
Event: 0.513 Loaded shared library C:\Users\Sebas\Documents\eclipse-jee-2023-06-R-win32-x86_64\eclipse\plugins\org.eclipse.justj.openjdk.hotspot.jre.full.win32.x86_64_17.0.7.v20230425-1502\jre\bin\jimage.dll
Event: 0.554 Loaded shared library C:\Users\Sebas\Documents\eclipse-jee-2023-06-R-win32-x86_64\eclipse\plugins\org.eclipse.justj.openjdk.hotspot.jre.full.win32.x86_64_17.0.7.v20230425-1502\jre\bin\verify.dll
Event: 0.601 Loaded shared library C:\Users\Sebas\Documents\eclipse-jee-2023-06-R-win32-x86_64\eclipse\plugins\org.eclipse.justj.openjdk.hotspot.jre.full.win32.x86_64_17.0.7.v20230425-1502\jre\bin\awt.dll
Event: 0.851 Loaded shared library C:\Users\Sebas\Documents\eclipse-jee-2023-06-R-win32-x86_64\eclipse\plugins\org.eclipse.justj.openjdk.hotspot.jre.full.win32.x86_64_17.0.7.v20230425-1502\jre\bin\freetype.dll
Event: 0.853 Loaded shared library C:\Users\Sebas\Documents\eclipse-jee-2023-06-R-win32-x86_64\eclipse\plugins\org.eclipse.justj.openjdk.hotspot.jre.full.win32.x86_64_17.0.7.v20230425-1502\jre\bin\fontmanager.dll

Deoptimization events (20 events):
Event: 0.565 Thread 0x0000015919e8b000 DEOPT PACKING pc=0x000001591eda3154 sp=0x000000246f4f83c0
Event: 0.565 Thread 0x0000015919e8b000 DEOPT UNPACKING pc=0x00000159262a7143 sp=0x000000246f4f7828 mode 0
Event: 0.565 Thread 0x0000015919e8b000 DEOPT PACKING pc=0x000001591eda3154 sp=0x000000246f4f83c0
Event: 0.565 Thread 0x0000015919e8b000 DEOPT UNPACKING pc=0x00000159262a7143 sp=0x000000246f4f7828 mode 0
Event: 0.565 Thread 0x0000015919e8b000 DEOPT PACKING pc=0x000001591eda3154 sp=0x000000246f4f83c0
Event: 0.565 Thread 0x0000015919e8b000 DEOPT UNPACKING pc=0x00000159262a7143 sp=0x000000246f4f7828 mode 0
Event: 0.565 Thread 0x0000015919e8b000 DEOPT PACKING pc=0x000001591eda3154 sp=0x000000246f4f83c0
Event: 0.565 Thread 0x0000015919e8b000 DEOPT UNPACKING pc=0x00000159262a7143 sp=0x000000246f4f7828 mode 0
Event: 0.567 Thread 0x0000015919e8b000 DEOPT PACKING pc=0x000001591eda3154 sp=0x000000246f4f83c0
Event: 0.567 Thread 0x0000015919e8b000 DEOPT UNPACKING pc=0x00000159262a7143 sp=0x000000246f4f7828 mode 0
Event: 0.569 Thread 0x0000015919e8b000 DEOPT PACKING pc=0x000001591eda3154 sp=0x000000246f4f83c0
Event: 0.569 Thread 0x0000015919e8b000 DEOPT UNPACKING pc=0x00000159262a7143 sp=0x000000246f4f7828 mode 0
Event: 0.607 Thread 0x0000015919e8b000 DEOPT PACKING pc=0x000001591ed4ff6a sp=0x000000246f4fc190
Event: 0.607 Thread 0x0000015919e8b000 DEOPT UNPACKING pc=0x00000159262a7143 sp=0x000000246f4fb5b0 mode 0
Event: 0.776 Thread 0x0000015919e8b000 DEOPT PACKING pc=0x000001591ed33fd5 sp=0x000000246f4fc2d0
Event: 0.776 Thread 0x0000015919e8b000 DEOPT UNPACKING pc=0x00000159262a7143 sp=0x000000246f4fb748 mode 0
Event: 0.977 Thread 0x0000015919e8b000 Uncommon trap: trap_request=0xffffff45 fr.pc=0x000001592680d0f4 relative=0x00000000000002b4
Event: 0.977 Thread 0x0000015919e8b000 Uncommon trap: reason=unstable_if action=reinterpret pc=0x000001592680d0f4 method=java.lang.invoke.VarHandle.checkExactAccessMode(Ljava/lang/invoke/VarHandle$AccessDescriptor;)V @ 4 c2
Event: 0.977 Thread 0x0000015919e8b000 DEOPT PACKING pc=0x000001592680d0f4 sp=0x000000246f4ff490
Event: 0.977 Thread 0x0000015919e8b000 DEOPT UNPACKING pc=0x00000159262a69a3 sp=0x000000246f4ff400 mode 2

Classes unloaded (0 events):
No events

Classes redefined (0 events):
No events

Internal exceptions (12 events):
Event: 0.595 Thread 0x0000015919e8b000 Exception <a 'java/lang/ClassNotFoundException'{0x0000000718a3a8d8}: sun/awt/resources/spi/awtProvider> (0x0000000718a3a8d8) 
thrown [s\src\hotspot\share\classfile\systemDictionary.cpp, line 256]
Event: 0.611 Thread 0x0000015919e8b000 Exception <a 'java/io/FileNotFoundException'{0x0000000718a96cc0}> (0x0000000718a96cc0) 
thrown [s\src\hotspot\share\prims\jni.cpp, line 516]
Event: 0.616 Thread 0x0000015919e8b000 Exception <a 'java/io/FileNotFoundException'{0x0000000718ac5d88}> (0x0000000718ac5d88) 
thrown [s\src\hotspot\share\prims\jni.cpp, line 516]
Event: 0.654 Thread 0x0000015919e8b000 Exception <a 'java/lang/NoSuchMethodError'{0x0000000718be1360}: 'java.lang.Object java.lang.invoke.DirectMethodHandle$Holder.invokeStaticInit(java.lang.Object)'> (0x0000000718be1360) 
thrown [s\src\hotspot\share\interpreter\linkResolver.cpp, line 759]
Event: 0.786 Thread 0x0000015919e8b000 Exception <a 'java/lang/NoSuchMethodError'{0x0000000718911090}: 'void java.lang.invoke.DirectMethodHandle$Holder.invokeSpecial(java.lang.Object, java.lang.Object, java.lang.Object)'> (0x0000000718911090) 
thrown [s\src\hotspot\share\interpreter\linkResolver.cpp, line 759]
Event: 0.793 Thread 0x0000015919e8b000 Exception <a 'java/lang/NoSuchMethodError'{0x0000000718961980}: 'java.lang.Object java.lang.invoke.DirectMethodHandle$Holder.newInvokeSpecial(java.lang.Object, java.lang.Object, java.lang.Object, java.lang.Object, java.lang.Object)'> (0x0000000718961980) 
thrown [s\src\hotspot\share\interpreter\linkResolver.cpp, line 759]
Event: 0.795 Thread 0x0000015919e8b000 Exception <a 'java/lang/NoSuchMethodError'{0x000000071896d348}: 'java.lang.Object java.lang.invoke.DirectMethodHandle$Holder.invokeStatic(java.lang.Object, int, java.lang.Object, java.lang.Object, java.lang.Object, java.lang.Object)'> (0x000000071896d348) 
thrown [s\src\hotspot\share\interpreter\linkResolver.cpp, line 759]
Event: 0.798 Thread 0x0000015919e8b000 Exception <a 'java/lang/NoSuchMethodError'{0x0000000718993138}: 'java.lang.Object java.lang.invoke.DirectMethodHandle$Holder.invokeStatic(java.lang.Object, int, java.lang.Object)'> (0x0000000718993138) 
thrown [s\src\hotspot\share\interpreter\linkResolver.cpp, line 759]
Event: 0.817 Thread 0x0000015919e8b000 Exception <a 'java/lang/ClassNotFoundException'{0x0000000718659d00}: com/sun/swing/internal/plaf/metal/resources/spi/metalProvider> (0x0000000718659d00) 
thrown [s\src\hotspot\share\classfile\systemDictionary.cpp, line 256]
Event: 0.818 Thread 0x0000015919e8b000 Exception <a 'java/lang/ClassNotFoundException'{0x0000000718660320}: com/sun/swing/internal/plaf/basic/resources/spi/basicProvider> (0x0000000718660320) 
thrown [s\src\hotspot\share\classfile\systemDictionary.cpp, line 256]
Event: 0.947 Thread 0x0000015919e8b000 Exception <a 'java/lang/NoSuchMethodError'{0x0000000718585e78}: 'void java.lang.invoke.DirectMethodHandle$Holder.invokeStaticInit(java.lang.Object)'> (0x0000000718585e78) 
thrown [s\src\hotspot\share\interpreter\linkResolver.cpp, line 759]
Event: 1.001 Thread 0x000001593f3c9c70 Exception <a 'java/lang/NoSuchMethodError'{0x000000071881dee8}: 'void java.lang.invoke.DirectMethodHandle$Holder.invokeVirtual(java.lang.Object, java.lang.Object)'> (0x000000071881dee8) 
thrown [s\src\hotspot\share\interpreter\linkResolver.cpp, line 759]

VM Operations (12 events):
Event: 0.346 Executing VM operation: HandshakeAllThreads
Event: 0.346 Executing VM operation: HandshakeAllThreads done
Event: 0.366 Executing VM operation: ChangeBreakpoints
Event: 0.366 Executing VM operation: ChangeBreakpoints done
Event: 0.385 Executing VM operation: ChangeBreakpoints
Event: 0.385 Executing VM operation: ChangeBreakpoints done
Event: 0.842 Executing VM operation: HandshakeAllThreads
Event: 0.842 Executing VM operation: HandshakeAllThreads done
Event: 0.881 Executing VM operation: HandshakeAllThreads
Event: 0.881 Executing VM operation: HandshakeAllThreads done
Event: 1.008 Executing VM operation: HandshakeAllThreads
Event: 1.008 Executing VM operation: HandshakeAllThreads done

Events (20 events):
Event: 1.070 loading class sun/util/locale/BaseLocale$Key done
Event: 1.070 loading class sun/util/locale/BaseLocale$Cache
Event: 1.070 loading class sun/util/locale/BaseLocale$Cache done
Event: 1.071 loading class java/util/Locale$Cache
Event: 1.071 loading class java/util/Locale$Cache done
Event: 1.073 loading class javax/swing/text/JTextComponent$InputMethodRequestsHandler
Event: 1.073 loading class javax/swing/text/JTextComponent$InputMethodRequestsHandler done
Event: 1.076 loading class sun/awt/im/CompositionAreaHandler
Event: 1.077 loading class sun/awt/im/CompositionAreaHandler done
Event: 1.077 loading class java/text/AttributedString
Event: 1.077 loading class java/text/AttributedString done
Event: 1.077 loading class java/text/AttributedString$AttributedStringIterator
Event: 1.077 loading class java/text/AttributedCharacterIterator
Event: 1.077 loading class java/text/AttributedCharacterIterator done
Event: 1.077 loading class java/text/AttributedString$AttributedStringIterator done
Event: 1.077 loading class java/awt/event/ContainerEvent
Event: 1.077 loading class java/awt/event/ContainerEvent done
Event: 1.078 loading class javax/swing/TimerQueue
Event: 1.078 loading class javax/swing/TimerQueue done
Event: 1.078 loading class java/util/concurrent/DelayQueue


Dynamic libraries:
0x00007ff7e0d30000 - 0x00007ff7e0d3e000 	C:\Users\Sebas\Documents\eclipse-jee-2023-06-R-win32-x86_64\eclipse\plugins\org.eclipse.justj.openjdk.hotspot.jre.full.win32.x86_64_17.0.7.v20230425-1502\jre\bin\javaw.exe
0x00007ffb566b0000 - 0x00007ffb568a8000 	C:\Windows\SYSTEM32\ntdll.dll
0x00007ffb56320000 - 0x00007ffb563dd000 	C:\Windows\System32\KERNEL32.DLL
0x00007ffb54250000 - 0x00007ffb54546000 	C:\Windows\System32\KERNELBASE.dll
0x00007ffb545e0000 - 0x00007ffb546e0000 	C:\Windows\System32\ucrtbase.dll
0x00007ffb3f3c0000 - 0x00007ffb3f3d9000 	C:\Users\Sebas\Documents\eclipse-jee-2023-06-R-win32-x86_64\eclipse\plugins\org.eclipse.justj.openjdk.hotspot.jre.full.win32.x86_64_17.0.7.v20230425-1502\jre\bin\VCRUNTIME140.dll
0x00007ffb3eb00000 - 0x00007ffb3eb17000 	C:\Users\Sebas\Documents\eclipse-jee-2023-06-R-win32-x86_64\eclipse\plugins\org.eclipse.justj.openjdk.hotspot.jre.full.win32.x86_64_17.0.7.v20230425-1502\jre\bin\jli.dll
0x00007ffb55030000 - 0x00007ffb551cf000 	C:\Windows\System32\USER32.dll
0x00007ffb53e80000 - 0x00007ffb53ea2000 	C:\Windows\System32\win32u.dll
0x00007ffb55820000 - 0x00007ffb5584b000 	C:\Windows\System32\GDI32.dll
0x00007ffb40470000 - 0x00007ffb4070a000 	C:\Windows\WinSxS\amd64_microsoft.windows.common-controls_6595b64144ccf1df_6.0.19041.3636_none_60b6a03d71f818d5\COMCTL32.dll
0x00007ffb53d60000 - 0x00007ffb53e77000 	C:\Windows\System32\gdi32full.dll
0x00007ffb565d0000 - 0x00007ffb5666e000 	C:\Windows\System32\msvcrt.dll
0x00007ffb53eb0000 - 0x00007ffb53f4d000 	C:\Windows\System32\msvcp_win.dll
0x00007ffb557e0000 - 0x00007ffb55812000 	C:\Windows\System32\IMM32.DLL
0x00007ffb3eaf0000 - 0x00007ffb3eafc000 	C:\Users\Sebas\Documents\eclipse-jee-2023-06-R-win32-x86_64\eclipse\plugins\org.eclipse.justj.openjdk.hotspot.jre.full.win32.x86_64_17.0.7.v20230425-1502\jre\bin\vcruntime140_1.dll
0x00007ffb34b40000 - 0x00007ffb34bd1000 	C:\Users\Sebas\Documents\eclipse-jee-2023-06-R-win32-x86_64\eclipse\plugins\org.eclipse.justj.openjdk.hotspot.jre.full.win32.x86_64_17.0.7.v20230425-1502\jre\bin\msvcp140.dll
0x00007ffaeccb0000 - 0x00007ffaed8f8000 	C:\Users\Sebas\Documents\eclipse-jee-2023-06-R-win32-x86_64\eclipse\plugins\org.eclipse.justj.openjdk.hotspot.jre.full.win32.x86_64_17.0.7.v20230425-1502\jre\bin\server\jvm.dll
0x00007ffb55a00000 - 0x00007ffb55ab0000 	C:\Windows\System32\ADVAPI32.dll
0x00007ffb55b30000 - 0x00007ffb55bd0000 	C:\Windows\System32\sechost.dll
0x00007ffb55870000 - 0x00007ffb55993000 	C:\Windows\System32\RPCRT4.dll
0x00007ffb54220000 - 0x00007ffb54247000 	C:\Windows\System32\bcrypt.dll
0x00007ffb4b820000 - 0x00007ffb4b82a000 	C:\Windows\SYSTEM32\VERSION.dll
0x00007ffb457a0000 - 0x00007ffb457c7000 	C:\Windows\SYSTEM32\WINMM.dll
0x00007ffb395d0000 - 0x00007ffb395d9000 	C:\Windows\SYSTEM32\WSOCK32.dll
0x00007ffb55770000 - 0x00007ffb557db000 	C:\Windows\System32\WS2_32.dll
0x00007ffb525a0000 - 0x00007ffb525b2000 	C:\Windows\SYSTEM32\kernel.appcore.dll
0x00007ffb3eae0000 - 0x00007ffb3eaea000 	C:\Users\Sebas\Documents\eclipse-jee-2023-06-R-win32-x86_64\eclipse\plugins\org.eclipse.justj.openjdk.hotspot.jre.full.win32.x86_64_17.0.7.v20230425-1502\jre\bin\jimage.dll
0x00007ffb52210000 - 0x00007ffb523f4000 	C:\Windows\SYSTEM32\DBGHELP.DLL
0x00007ffb44040000 - 0x00007ffb44074000 	C:\Windows\SYSTEM32\dbgcore.DLL
0x00007ffb54550000 - 0x00007ffb545d2000 	C:\Windows\System32\bcryptPrimitives.dll
0x00007ffb3d7f0000 - 0x00007ffb3d82b000 	C:\Users\Sebas\Documents\eclipse-jee-2023-06-R-win32-x86_64\eclipse\plugins\org.eclipse.justj.openjdk.hotspot.jre.full.win32.x86_64_17.0.7.v20230425-1502\jre\bin\jdwp.dll
0x00007ffb3ead0000 - 0x00007ffb3eade000 	C:\Users\Sebas\Documents\eclipse-jee-2023-06-R-win32-x86_64\eclipse\plugins\org.eclipse.justj.openjdk.hotspot.jre.full.win32.x86_64_17.0.7.v20230425-1502\jre\bin\instrument.dll
0x00007ffb3d1a0000 - 0x00007ffb3d1c5000 	C:\Users\Sebas\Documents\eclipse-jee-2023-06-R-win32-x86_64\eclipse\plugins\org.eclipse.justj.openjdk.hotspot.jre.full.win32.x86_64_17.0.7.v20230425-1502\jre\bin\java.dll
0x00007ffb3d180000 - 0x00007ffb3d198000 	C:\Users\Sebas\Documents\eclipse-jee-2023-06-R-win32-x86_64\eclipse\plugins\org.eclipse.justj.openjdk.hotspot.jre.full.win32.x86_64_17.0.7.v20230425-1502\jre\bin\zip.dll
0x00007ffb54860000 - 0x00007ffb54fcb000 	C:\Windows\System32\SHELL32.dll
0x00007ffb519b0000 - 0x00007ffb5214e000 	C:\Windows\SYSTEM32\windows.storage.dll
0x00007ffb55400000 - 0x00007ffb55753000 	C:\Windows\System32\combase.dll
0x00007ffb53720000 - 0x00007ffb5374e000 	C:\Windows\SYSTEM32\Wldp.dll
0x00007ffb552c0000 - 0x00007ffb5538d000 	C:\Windows\System32\OLEAUT32.dll
0x00007ffb56490000 - 0x00007ffb5653d000 	C:\Windows\System32\SHCORE.dll
0x00007ffb559a0000 - 0x00007ffb559f5000 	C:\Windows\System32\shlwapi.dll
0x00007ffb53c90000 - 0x00007ffb53cb3000 	C:\Windows\SYSTEM32\profapi.dll
0x00007ffb3eac0000 - 0x00007ffb3eacc000 	C:\Users\Sebas\Documents\eclipse-jee-2023-06-R-win32-x86_64\eclipse\plugins\org.eclipse.justj.openjdk.hotspot.jre.full.win32.x86_64_17.0.7.v20230425-1502\jre\bin\dt_socket.dll
0x00007ffb53100000 - 0x00007ffb5313b000 	C:\Windows\SYSTEM32\IPHLPAPI.DLL
0x00007ffb53420000 - 0x00007ffb5348a000 	C:\Windows\system32\mswsock.dll
0x00007ffb53140000 - 0x00007ffb5320b000 	C:\Windows\SYSTEM32\DNSAPI.dll
0x00007ffb55390000 - 0x00007ffb55398000 	C:\Windows\System32\NSI.dll
0x00007ffb4b1b0000 - 0x00007ffb4b1ba000 	C:\Windows\System32\rasadhlp.dll
0x00007ffb4a060000 - 0x00007ffb4a0e0000 	C:\Windows\System32\fwpuclnt.dll
0x00007ffb3d160000 - 0x00007ffb3d179000 	C:\Users\Sebas\Documents\eclipse-jee-2023-06-R-win32-x86_64\eclipse\plugins\org.eclipse.justj.openjdk.hotspot.jre.full.win32.x86_64_17.0.7.v20230425-1502\jre\bin\net.dll
0x00007ffb4c5b0000 - 0x00007ffb4c6ba000 	C:\Windows\SYSTEM32\WINHTTP.dll
0x00007ffb3b5c0000 - 0x00007ffb3b5d5000 	C:\Users\Sebas\Documents\eclipse-jee-2023-06-R-win32-x86_64\eclipse\plugins\org.eclipse.justj.openjdk.hotspot.jre.full.win32.x86_64_17.0.7.v20230425-1502\jre\bin\nio.dll
0x00007ffb3e910000 - 0x00007ffb3e920000 	C:\Users\Sebas\Documents\eclipse-jee-2023-06-R-win32-x86_64\eclipse\plugins\org.eclipse.justj.openjdk.hotspot.jre.full.win32.x86_64_17.0.7.v20230425-1502\jre\bin\verify.dll
0x00007ffb00680000 - 0x00007ffb0080e000 	C:\Users\Sebas\Documents\eclipse-jee-2023-06-R-win32-x86_64\eclipse\plugins\org.eclipse.justj.openjdk.hotspot.jre.full.win32.x86_64_17.0.7.v20230425-1502\jre\bin\awt.dll
0x00007ffb51160000 - 0x00007ffb511f0000 	C:\Windows\SYSTEM32\apphelp.dll
0x00007ffb514e0000 - 0x00007ffb5150f000 	C:\Windows\system32\DWMAPI.DLL
0x00007ffb512e0000 - 0x00007ffb5137e000 	C:\Windows\system32\uxtheme.dll
0x00007ffb18740000 - 0x00007ffb18865000 	C:\Windows\system32\opengl32.dll
0x00007ffb1b3b0000 - 0x00007ffb1b3dc000 	C:\Windows\SYSTEM32\GLU32.dll
0x00007ffb546e0000 - 0x00007ffb547f5000 	C:\Windows\System32\MSCTF.dll
0x00007ffb55bd0000 - 0x00007ffb55cfb000 	C:\Windows\System32\ole32.dll
0x00007ffb1b100000 - 0x00007ffb1b2cd000 	C:\Windows\system32\d3d9.dll
0x00007ffae9c80000 - 0x00007ffaecca6000 	C:\Windows\System32\DriverStore\FileRepository\u0401413.inf_amd64_997830838cb299a9\B401180\amdxn64.dll
0x00007ffb55eb0000 - 0x00007ffb5631e000 	C:\Windows\System32\SETUPAPI.dll
0x00007ffb53fc0000 - 0x00007ffb5400e000 	C:\Windows\System32\cfgmgr32.dll
0x00007ffb525f0000 - 0x00007ffb526e3000 	C:\Windows\SYSTEM32\dxgi.dll
0x00007ffb44e40000 - 0x00007ffb44e77000 	C:\Windows\System32\DriverStore\FileRepository\u0401413.inf_amd64_997830838cb299a9\B401180\amdihk64.dll
0x00007ffb4a010000 - 0x00007ffb4a04b000 	C:\Windows\SYSTEM32\dxcore.dll
0x00007ffb2efc0000 - 0x00007ffb2f046000 	C:\Users\Sebas\Documents\eclipse-jee-2023-06-R-win32-x86_64\eclipse\plugins\org.eclipse.justj.openjdk.hotspot.jre.full.win32.x86_64_17.0.7.v20230425-1502\jre\bin\freetype.dll
0x00007ffb10d60000 - 0x00007ffb10e25000 	C:\Users\Sebas\Documents\eclipse-jee-2023-06-R-win32-x86_64\eclipse\plugins\org.eclipse.justj.openjdk.hotspot.jre.full.win32.x86_64_17.0.7.v20230425-1502\jre\bin\fontmanager.dll
0x00007ffb563e0000 - 0x00007ffb56489000 	C:\Windows\System32\clbcatq.dll
0x00007ffb4c220000 - 0x00007ffb4c3d4000 	C:\Windows\SYSTEM32\WindowsCodecs.dll
0x00007ffb3d120000 - 0x00007ffb3d15e000 	C:\Windows\system32\dataexchange.dll
0x00007ffb4f600000 - 0x00007ffb4f863000 	C:\Windows\system32\d3d11.dll
0x00007ffb50540000 - 0x00007ffb50725000 	C:\Windows\system32\dcomp.dll
0x00007ffb4d7d0000 - 0x00007ffb4d9d3000 	C:\Windows\system32\twinapi.appcore.dll
0x00007ffb43210000 - 0x00007ffb43309000 	C:\Windows\SYSTEM32\textinputframework.dll
0x00007ffb50ab0000 - 0x00007ffb50e0b000 	C:\Windows\System32\CoreUIComponents.dll
0x00007ffb50e10000 - 0x00007ffb50f02000 	C:\Windows\System32\CoreMessaging.dll
0x00007ffb503e0000 - 0x00007ffb50537000 	C:\Windows\SYSTEM32\wintypes.dll
0x00007ffb52e60000 - 0x00007ffb52e93000 	C:\Windows\SYSTEM32\ntmarta.dll

dbghelp: loaded successfully - version: 4.0.5 - missing functions: none
symbol engine: initialized successfully - sym options: 0x614 - pdb path: .;C:\Users\Sebas\Documents\eclipse-jee-2023-06-R-win32-x86_64\eclipse\plugins\org.eclipse.justj.openjdk.hotspot.jre.full.win32.x86_64_17.0.7.v20230425-1502\jre\bin;C:\Windows\SYSTEM32;C:\Windows\WinSxS\amd64_microsoft.windows.common-controls_6595b64144ccf1df_6.0.19041.3636_none_60b6a03d71f818d5;C:\Users\Sebas\Documents\eclipse-jee-2023-06-R-win32-x86_64\eclipse\plugins\org.eclipse.justj.openjdk.hotspot.jre.full.win32.x86_64_17.0.7.v20230425-1502\jre\bin\server;C:\Windows\System32\DriverStore\FileRepository\u0401413.inf_amd64_997830838cb299a9\B401180

VM Arguments:
jvm_args: -XX:+ShowCodeDetailsInExceptionMessages -agentlib:jdwp=transport=dt_socket,suspend=y,address=localhost:58499 -javaagent:C:\Users\Sebas\Documents\DAM1\eclipse-jee-2023-06-R-win32-x86_64\eclipse\configuration\org.eclipse.osgi\430\0\.cp\lib\javaagent-shaded.jar -Dfile.encoding=UTF-8 
java_command: exerciseByMyOwn.sudoku
java_class_path (initial): C:\Users\Sebas\git\recurrentExercises\recurrentExercises\bin
Launcher Type: SUN_STANDARD

[Global flags]
     intx CICompilerCount                          = 4                                         {product} {ergonomic}
     uint ConcGCThreads                            = 2                                         {product} {ergonomic}
     uint G1ConcRefinementThreads                  = 8                                         {product} {ergonomic}
   size_t G1HeapRegionSize                         = 2097152                                   {product} {ergonomic}
    uintx GCDrainStackTargetSize                   = 64                                        {product} {ergonomic}
   size_t InitialHeapSize                          = 260046848                                 {product} {ergonomic}
   size_t MarkStackSize                            = 4194304                                   {product} {ergonomic}
   size_t MaxHeapSize                              = 4133486592                                {product} {ergonomic}
   size_t MaxNewSize                               = 2478833664                                {product} {ergonomic}
   size_t MinHeapDeltaBytes                        = 2097152                                   {product} {ergonomic}
   size_t MinHeapSize                              = 8388608                                   {product} {ergonomic}
    uintx NonNMethodCodeHeapSize                   = 5839372                                {pd product} {ergonomic}
    uintx NonProfiledCodeHeapSize                  = 122909434                              {pd product} {ergonomic}
    uintx ProfiledCodeHeapSize                     = 122909434                              {pd product} {ergonomic}
    uintx ReservedCodeCacheSize                    = 251658240                              {pd product} {ergonomic}
     bool SegmentedCodeCache                       = true                                      {product} {ergonomic}
     bool ShowCodeDetailsInExceptionMessages       = true                                   {manageable} {command line}
   size_t SoftMaxHeapSize                          = 4133486592                             {manageable} {ergonomic}
     bool UseCompressedClassPointers               = true                           {product lp64_product} {ergonomic}
     bool UseCompressedOops                        = true                           {product lp64_product} {ergonomic}
     bool UseG1GC                                  = true                                      {product} {ergonomic}
     bool UseLargePagesIndividualAllocation        = false                                  {pd product} {ergonomic}

Logging:
Log output configuration:
 #0: stdout all=warning uptime,level,tags
 #1: stderr all=off uptime,level,tags

Environment Variables:
PATH=C:\Users\Sebas\Documents\eclipse-jee-2023-06-R-win32-x86_64\eclipse\plugins\org.eclipse.justj.openjdk.hotspot.jre.full.win32.x86_64_17.0.7.v20230425-1502\jre\bin;C:/Users/Sebas/Documents/DAM1/eclipse-jee-2023-06-R-win32-x86_64/eclipse//plugins/org.eclipse.justj.openjdk.hotspot.jre.full.win32.x86_64_17.0.7.v20230425-1502/jre/bin/server;C:/Users/Sebas/Documents/DAM1/eclipse-jee-2023-06-R-win32-x86_64/eclipse//plugins/org.eclipse.justj.openjdk.hotspot.jre.full.win32.x86_64_17.0.7.v20230425-1502/jre/bin;C:\Program Files (x86)\VMware\VMware Player\bin\;C:\Program Files\Common Files\Oracle\Java\javapath;C:\Program Files (x86)\Common Files\Oracle\Java\javapath;C:\ProgramData\Oracle\Java\javapath;C:\Windows\system32;C:\Windows;C:\Windows\System32\Wbem;C:\Windows\System32\WindowsPowerShell\v1.0\;C:\Windows\System32\OpenSSH\;C:\Program Files\PuTTY\;C:\Program Files\AutoFirma\AutoFirma;C:\Program Files\dotnet\;C:\Users\Sebas\AppData\Local\Microsoft\WindowsApps;F:\Git\cmd;C:\Users\Sebas\.dotnet\tools;C:\Users\Sebas\AppData\Local\Programs\Microsoft VS Code\bin;C:\Users\Sebas\Documents\DAM1\eclipse-jee-2023-06-R-win32-x86_64\eclipse;
USERNAME=Sebas
OS=Windows_NT
PROCESSOR_IDENTIFIER=AMD64 Family 23 Model 96 Stepping 1, AuthenticAMD
TMP=C:\Users\Sebas\AppData\Local\Temp
TEMP=C:\Users\Sebas\AppData\Local\Temp



---------------  S Y S T E M  ---------------

OS:
 Windows 10 , 64 bit Build 19041 (10.0.19041.3636)
OS uptime: 1 days 6:08 hours

CPU: total 8 (initial active 8) (8 cores per cpu, 2 threads per core) family 23 model 96 stepping 1 microcode 0x0, cx8, cmov, fxsr, ht, mmx, 3dnowpref, sse, sse2, sse3, ssse3, sse4a, sse4.1, sse4.2, popcnt, lzcnt, tsc, tscinvbit, avx, avx2, aes, clmul, bmi1, bmi2, adx, sha, fma, vzeroupper, clflush, clflushopt

Memory: 4k page, system-wide physical 15765M (239M free)
TotalPageFile size 64917M (AvailPageFile size 0M)
current process WorkingSet (physical memory assigned to process): 119M, peak: 119M
current process commit charge ("private bytes"): 388M, peak: 389M

vm_info: OpenJDK 64-Bit Server VM (17.0.7+7) for windows-amd64 JRE (17.0.7+7), built on Apr 18 2023 22:10:42 by "temurin" with MS VC++ 16.7 (VS2019)

END.
